  C:\Users\rugot\OneDrive\Desktop\atom\atom\Lib\x86\libfreetype-6.dll
  C:\Users\rugot\OneDrive\Desktop\atom\atom\Lib\x86\libjpeg-9.dll
  C:\Users\rugot\OneDrive\Desktop\atom\atom\Lib\x86\libpng16-16.dll
  C:\Users\rugot\OneDrive\Desktop\atom\atom\Lib\x86\libtiff-5.dll
  C:\Users\rugot\OneDrive\Desktop\atom\atom\Lib\x86\libwebp-4.dll
  C:\Users\rugot\OneDrive\Desktop\atom\atom\Lib\x86\libwebp-7.dll
  C:\Users\rugot\OneDrive\Desktop\atom\atom\Lib\x86\SDL2.dll
  C:\Users\rugot\OneDrive\Desktop\atom\atom\Lib\x86\SDL2_image.dll
  C:\Users\rugot\OneDrive\Desktop\atom\atom\Lib\x86\SDL2_ttf.dll
  C:\Users\rugot\OneDrive\Desktop\atom\atom\Lib\x86\zlib1.dll
         10 file(s) copied.
  main.cpp
C:\Users\rugot\OneDrive\Desktop\atom\atom\main.cpp(41,28): warning C4244: 'argument': conversion from 'double' to 'int', possible loss of data
C:\Users\rugot\OneDrive\Desktop\atom\atom\main.cpp(42,35): warning C4244: 'argument': conversion from 'double' to 'int', possible loss of data
C:\Users\rugot\OneDrive\Desktop\atom\atom\main.cpp(43,28): warning C4244: 'argument': conversion from 'double' to 'int', possible loss of data
  Render.cpp
  TextureManager.cpp
  Generating Code...
Render.obj : error LNK2001: unresolved external symbol "public: static struct SDL_Renderer * Render::renderer" (?renderer@Render@@2PAUSDL_Renderer@@A)
TextureManager.obj : error LNK2001: unresolved external symbol "public: static struct SDL_Renderer * Render::renderer" (?renderer@Render@@2PAUSDL_Renderer@@A)
Lib\x64\SDL2.lib : warning LNK4272: library machine type 'x64' conflicts with target machine type 'x86'
Lib\x64\SDL2main.lib : warning LNK4272: library machine type 'x64' conflicts with target machine type 'x86'
Lib\x64\SDL2test.lib : warning LNK4272: library machine type 'x64' conflicts with target machine type 'x86'
Lib\x64\SDL2_ttf.lib : warning LNK4272: library machine type 'x64' conflicts with target machine type 'x86'
Lib\x64\SDL2_image.lib : warning LNK4272: library machine type 'x64' conflicts with target machine type 'x86'
C:\Users\rugot\OneDrive\Desktop\atom\Debug\atom.exe : fatal error LNK1120: 1 unresolved externals
